Mobile_Project/app/build/intermediates/manifest_merge_blame_file/debug/processDebugMainManifest/manifest-merger-blame-debug-report.txt
1<?xml version="1.0" encoding="utf-8"?>
2<manifest xmlns:android="http://schemas.android.com/apk/res/android"
3    package="com.example.travel_application"
4    android:versionCode="1"
5    android:versionName="1.0" >
6
7    <uses-sdk
8        android:minSdkVersion="24"
9        android:targetSdkVersion="35" />
10
11    <uses-permission android:name="android.permission.INTERNET" />
11-->src\main\AndroidManifest.xml:4:5-66
11-->src\main\AndroidManifest.xml:4:22-64
12    <uses-permission android:name="android.permission.ACCESS_NETWORK_STATE" /> <!-- Used to check if a browser is available before launching phone auth -->
12-->[com.firebaseui:firebase-ui-auth:8.0.2] AndroidManifest.xml:10:5-79
12-->[com.firebaseui:firebase-ui-auth:8.0.2] AndroidManifest.xml:10:22-76
13    <!-- See ui/phone/PhoneNumberVerificationHandler.isBrowserAvailable() -->
14    <queries>
14-->[com.firebaseui:firebase-ui-auth:8.0.2] AndroidManifest.xml:15:5-23:15
15        <intent>
15-->[com.firebaseui:firebase-ui-auth:8.0.2] AndroidManifest.xml:16:9-22:18
16            <action android:name="android.intent.action.VIEW" />
16-->[com.firebaseui:firebase-ui-auth:8.0.2] AndroidManifest.xml:17:13-65
16-->[com.firebaseui:firebase-ui-auth:8.0.2] AndroidManifest.xml:17:21-62
17
18            <category android:name="android.intent.category.BROWSABLE" />
18-->[com.firebaseui:firebase-ui-auth:8.0.2] AndroidManifest.xml:19:13-74
18-->[com.firebaseui:firebase-ui-auth:8.0.2] AndroidManifest.xml:19:23-71
19
20            <data android:scheme="http" />
20-->[com.firebaseui:firebase-ui-auth:8.0.2] AndroidManifest.xml:21:13-43
20-->[com.firebaseui:firebase-ui-auth:8.0.2] AndroidManifest.xml:21:19-40
21        </intent>
22    </queries>
23
24    <uses-permission android:name="android.permission.WAKE_LOCK" />
24-->[com.google.android.gms:play-services-measurement:22.4.0] AndroidManifest.xml:25:5-68
24-->[com.google.android.gms:play-services-measurement:22.4.0] AndroidManifest.xml:25:22-65
25    <uses-permission android:name="com.google.android.finsky.permission.BIND_GET_INSTALL_REFERRER_SERVICE" />
25-->[com.google.android.gms:play-services-measurement:22.4.0] AndroidManifest.xml:26:5-110
25-->[com.google.android.gms:play-services-measurement:22.4.0] AndroidManifest.xml:26:22-107
26    <uses-permission android:name="com.google.android.gms.permission.AD_ID" />
26-->[com.google.android.gms:play-services-measurement-api:22.4.0] AndroidManifest.xml:25:5-79
26-->[com.google.android.gms:play-services-measurement-api:22.4.0] AndroidManifest.xml:25:22-76
27    <uses-permission android:name="android.permission.ACCESS_ADSERVICES_ATTRIBUTION" />
27-->[com.google.android.gms:play-services-measurement-api:22.4.0] AndroidManifest.xml:26:5-88
27-->[com.google.android.gms:play-services-measurement-api:22.4.0] AndroidManifest.xml:26:22-85
28    <uses-permission android:name="android.permission.ACCESS_ADSERVICES_AD_ID" />
28-->[com.google.android.gms:play-services-measurement-api:22.4.0] AndroidManifest.xml:27:5-82
28-->[com.google.android.gms:play-services-measurement-api:22.4.0] AndroidManifest.xml:27:22-79
29    <uses-permission android:name="com.google.android.providers.gsf.permission.READ_GSERVICES" />
29-->[com.google.android.recaptcha:recaptcha:18.6.1] AndroidManifest.xml:9:5-98
29-->[com.google.android.recaptcha:recaptcha:18.6.1] AndroidManifest.xml:9:22-95
30
31    <permission
31-->[androidx.core:core:1.15.0] AndroidManifest.xml:22:5-24:47
32        android:name="com.example.travel_application.DYNAMIC_RECEIVER_NOT_EXPORTED_PERMISSION"
32-->[androidx.core:core:1.15.0] AndroidManifest.xml:23:9-81
33        android:protectionLevel="signature" />
33-->[androidx.core:core:1.15.0] AndroidManifest.xml:24:9-44
34
35    <uses-permission android:name="com.example.travel_application.DYNAMIC_RECEIVER_NOT_EXPORTED_PERMISSION" />
35-->[androidx.core:core:1.15.0] AndroidManifest.xml:26:5-97
35-->[androidx.core:core:1.15.0] AndroidManifest.xml:26:22-94
36
37    <application
37-->src\main\AndroidManifest.xml:6:5-25:19
38        android:allowBackup="true"
38-->src\main\AndroidManifest.xml:7:9-35
39        android:appComponentFactory="androidx.core.app.CoreComponentFactory"
39-->[androidx.core:core:1.15.0] AndroidManifest.xml:28:18-86
40        android:dataExtractionRules="@xml/data_extraction_rules"
40-->src\main\AndroidManifest.xml:8:9-65
41        android:debuggable="true"
42        android:extractNativeLibs="false"
43        android:fullBackupContent="@xml/backup_rules"
43-->src\main\AndroidManifest.xml:9:9-54
44        android:icon="@mipmap/ic_launcher"
44-->src\main\AndroidManifest.xml:10:9-43
45        android:label="@string/app_name"
45-->src\main\AndroidManifest.xml:11:9-41
46        android:roundIcon="@mipmap/ic_launcher_round"
46-->src\main\AndroidManifest.xml:12:9-54
47        android:supportsRtl="true"
47-->src\main\AndroidManifest.xml:13:9-35
48        android:testOnly="true"
49        android:theme="@style/Theme.TravelApplication." >
49-->src\main\AndroidManifest.xml:14:9-56
50        <activity
50-->src\main\AndroidManifest.xml:16:9-24:20
51            android:name="com.example.travel_application.MainActivity"
51-->src\main\AndroidManifest.xml:17:13-41
52            android:exported="true"
52-->src\main\AndroidManifest.xml:18:13-36
53            android:label="@string/app_name" >
53-->src\main\AndroidManifest.xml:19:13-45
54            <intent-filter>
54-->src\main\AndroidManifest.xml:20:13-23:29
55                <action android:name="android.intent.action.MAIN" />
55-->src\main\AndroidManifest.xml:21:17-69
55-->src\main\AndroidManifest.xml:21:25-66
56
57                <category android:name="android.intent.category.LAUNCHER" />
57-->src\main\AndroidManifest.xml:22:17-77
57-->src\main\AndroidManifest.xml:22:27-74
58            </intent-filter>
59        </activity>
60
61        <meta-data
61-->[com.firebaseui:firebase-ui-auth:8.0.2] AndroidManifest.xml:26:9-28:69
62            android:name="com.google.android.gms.version"
62-->[com.firebaseui:firebase-ui-auth:8.0.2] AndroidManifest.xml:27:13-58
63            android:value="@integer/google_play_services_version" />
63-->[com.firebaseui:firebase-ui-auth:8.0.2] AndroidManifest.xml:28:13-66
64        <meta-data
64-->[com.firebaseui:firebase-ui-auth:8.0.2] AndroidManifest.xml:29:9-31:63
65            android:name="com.facebook.sdk.ApplicationId"
65-->[com.firebaseui:firebase-ui-auth:8.0.2] AndroidManifest.xml:30:13-58
66            android:value="@string/facebook_application_id" />
66-->[com.firebaseui:firebase-ui-auth:8.0.2] AndroidManifest.xml:31:13-60
67
68        <activity
68-->[com.firebaseui:firebase-ui-auth:8.0.2] AndroidManifest.xml:33:9-37:61
69            android:name="com.firebase.ui.auth.KickoffActivity"
69-->[com.firebaseui:firebase-ui-auth:8.0.2] AndroidManifest.xml:34:13-64
70            android:exported="false"
70-->[com.firebaseui:firebase-ui-auth:8.0.2] AndroidManifest.xml:35:13-37
71            android:label=""
71-->[com.firebaseui:firebase-ui-auth:8.0.2] AndroidManifest.xml:36:13-29
72            android:theme="@style/FirebaseUI.Transparent" />
72-->[com.firebaseui:firebase-ui-auth:8.0.2] AndroidManifest.xml:37:13-58
73        <activity
73-->[com.firebaseui:firebase-ui-auth:8.0.2] AndroidManifest.xml:38:9-42:61
74            android:name="com.firebase.ui.auth.ui.idp.SingleSignInActivity"
74-->[com.firebaseui:firebase-ui-auth:8.0.2] AndroidManifest.xml:39:13-76
75            android:exported="false"
75-->[com.firebaseui:firebase-ui-auth:8.0.2] AndroidManifest.xml:40:13-37
76            android:label=""
76-->[com.firebaseui:firebase-ui-auth:8.0.2] AndroidManifest.xml:41:13-29
77            android:theme="@style/FirebaseUI.Transparent" />
77-->[com.firebaseui:firebase-ui-auth:8.0.2] AndroidManifest.xml:42:13-58
78        <activity
78-->[com.firebaseui:firebase-ui-auth:8.0.2] AndroidManifest.xml:43:9-47:61
79            android:name="com.firebase.ui.auth.ui.credentials.CredentialSaveActivity"
79-->[com.firebaseui:firebase-ui-auth:8.0.2] AndroidManifest.xml:44:13-86
80            android:exported="false"
80-->[com.firebaseui:firebase-ui-auth:8.0.2] AndroidManifest.xml:45:13-37
81            android:label=""
81-->[com.firebaseui:firebase-ui-auth:8.0.2] AndroidManifest.xml:46:13-29
82            android:theme="@style/FirebaseUI.Transparent" />
82-->[com.firebaseui:firebase-ui-auth:8.0.2] AndroidManifest.xml:47:13-58
83        <activity
83-->[com.firebaseui:firebase-ui-auth:8.0.2] AndroidManifest.xml:48:9-52:58
84            android:name="com.firebase.ui.auth.ui.email.RecoverPasswordActivity"
84-->[com.firebaseui:firebase-ui-auth:8.0.2] AndroidManifest.xml:49:13-81
85            android:exported="false"
85-->[com.firebaseui:firebase-ui-auth:8.0.2] AndroidManifest.xml:50:13-37
86            android:label="@string/fui_title_recover_password_activity"
86-->[com.firebaseui:firebase-ui-auth:8.0.2] AndroidManifest.xml:51:13-72
87            android:windowSoftInputMode="adjustResize" />
87-->[com.firebaseui:firebase-ui-auth:8.0.2] AndroidManifest.xml:52:13-55
88        <activity
88-->[com.firebaseui:firebase-ui-auth:8.0.2] AndroidManifest.xml:53:9-57:58
89            android:name="com.firebase.ui.auth.ui.email.EmailActivity"
89-->[com.firebaseui:firebase-ui-auth:8.0.2] AndroidManifest.xml:54:13-71
90            android:exported="false"
90-->[com.firebaseui:firebase-ui-auth:8.0.2] AndroidManifest.xml:55:13-37
91            android:label="@string/fui_sign_in_default"
91-->[com.firebaseui:firebase-ui-auth:8.0.2] AndroidManifest.xml:56:13-56
92            android:windowSoftInputMode="adjustResize" />
92-->[com.firebaseui:firebase-ui-auth:8.0.2] AndroidManifest.xml:57:13-55
93        <activity
93-->[com.firebaseui:firebase-ui-auth:8.0.2] AndroidManifest.xml:58:9-62:77
94            android:name="com.firebase.ui.auth.ui.phone.PhoneActivity"
94-->[com.firebaseui:firebase-ui-auth:8.0.2] AndroidManifest.xml:59:13-71
95            android:exported="false"
95-->[com.firebaseui:firebase-ui-auth:8.0.2] AndroidManifest.xml:60:13-37
96            android:label="@string/fui_sign_in_with_phone_number"
96-->[com.firebaseui:firebase-ui-auth:8.0.2] AndroidManifest.xml:61:13-66
97            android:windowSoftInputMode="adjustResize|stateAlwaysVisible" />
97-->[com.firebaseui:firebase-ui-auth:8.0.2] AndroidManifest.xml:62:13-74
98        <activity
98-->[com.firebaseui:firebase-ui-auth:8.0.2] AndroidManifest.xml:63:9-67:58
99            android:name="com.firebase.ui.auth.ui.idp.WelcomeBackIdpPrompt"
99-->[com.firebaseui:firebase-ui-auth:8.0.2] AndroidManifest.xml:64:13-76
100            android:exported="false"
100-->[com.firebaseui:firebase-ui-auth:8.0.2] AndroidManifest.xml:65:13-37
101            android:label="@string/fui_title_welcome_back_idp_prompt"
101-->[com.firebaseui:firebase-ui-auth:8.0.2] AndroidManifest.xml:66:13-70
102            android:windowSoftInputMode="adjustResize" />
102-->[com.firebaseui:firebase-ui-auth:8.0.2] AndroidManifest.xml:67:13-55
103        <activity
103-->[com.firebaseui:firebase-ui-auth:8.0.2] AndroidManifest.xml:68:9-72:58
104            android:name="com.firebase.ui.auth.ui.email.WelcomeBackPasswordPrompt"
104-->[com.firebaseui:firebase-ui-auth:8.0.2] AndroidManifest.xml:69:13-83
105            android:exported="false"
105-->[com.firebaseui:firebase-ui-auth:8.0.2] AndroidManifest.xml:70:13-37
106            android:label="@string/fui_title_welcome_back_password_prompt"
106-->[com.firebaseui:firebase-ui-auth:8.0.2] AndroidManifest.xml:71:13-75
107            android:windowSoftInputMode="adjustResize" />
107-->[com.firebaseui:firebase-ui-auth:8.0.2] AndroidManifest.xml:72:13-55
108        <activity
108-->[com.firebaseui:firebase-ui-auth:8.0.2] AndroidManifest.xml:73:9-77:58
109            android:name="com.firebase.ui.auth.ui.email.WelcomeBackEmailLinkPrompt"
109-->[com.firebaseui:firebase-ui-auth:8.0.2] AndroidManifest.xml:74:13-84
110            android:exported="false"
110-->[com.firebaseui:firebase-ui-auth:8.0.2] AndroidManifest.xml:75:13-37
111            android:label="@string/fui_title_welcome_back_password_prompt"
111-->[com.firebaseui:firebase-ui-auth:8.0.2] AndroidManifest.xml:76:13-75
112            android:windowSoftInputMode="adjustResize" />
112-->[com.firebaseui:firebase-ui-auth:8.0.2] AndroidManifest.xml:77:13-55
113        <activity
113-->[com.firebaseui:firebase-ui-auth:8.0.2] AndroidManifest.xml:78:9-83:58
114            android:name="com.firebase.ui.auth.ui.email.EmailLinkCatcherActivity"
114-->[com.firebaseui:firebase-ui-auth:8.0.2] AndroidManifest.xml:79:13-82
115            android:exported="false"
115-->[com.firebaseui:firebase-ui-auth:8.0.2] AndroidManifest.xml:80:13-37
116            android:label=""
116-->[com.firebaseui:firebase-ui-auth:8.0.2] AndroidManifest.xml:81:13-29
117            android:theme="@style/FirebaseUI.Transparent"
117-->[com.firebaseui:firebase-ui-auth:8.0.2] AndroidManifest.xml:82:13-58
118            android:windowSoftInputMode="adjustResize" />
118-->[com.firebaseui:firebase-ui-auth:8.0.2] AndroidManifest.xml:83:13-55
119        <activity
119-->[com.firebaseui:firebase-ui-auth:8.0.2] AndroidManifest.xml:84:9-88:58
120            android:name="com.firebase.ui.auth.ui.email.EmailLinkErrorRecoveryActivity"
120-->[com.firebaseui:firebase-ui-auth:8.0.2] AndroidManifest.xml:85:13-88
121            android:exported="false"
121-->[com.firebaseui:firebase-ui-auth:8.0.2] AndroidManifest.xml:86:13-37
122            android:label="@string/fui_sign_in_default"
122-->[com.firebaseui:firebase-ui-auth:8.0.2] AndroidManifest.xml:87:13-56
123            android:windowSoftInputMode="adjustResize" />
123-->[com.firebaseui:firebase-ui-auth:8.0.2] AndroidManifest.xml:88:13-55
124        <activity
124-->[com.firebaseui:firebase-ui-auth:8.0.2] AndroidManifest.xml:89:9-92:65
125            android:name="com.firebase.ui.auth.ui.idp.AuthMethodPickerActivity"
125-->[com.firebaseui:firebase-ui-auth:8.0.2] AndroidManifest.xml:90:13-80
126            android:exported="false"
126-->[com.firebaseui:firebase-ui-auth:8.0.2] AndroidManifest.xml:91:13-37
127            android:label="@string/fui_default_toolbar_title" />
127-->[com.firebaseui:firebase-ui-auth:8.0.2] AndroidManifest.xml:92:13-62
128        <activity
128-->[com.firebaseui:firebase-ui-auth:8.0.2] AndroidManifest.xml:93:9-97:48
129            android:name="com.facebook.FacebookActivity"
129-->[com.firebaseui:firebase-ui-auth:8.0.2] AndroidManifest.xml:94:13-57
130            android:configChanges="keyboard|keyboardHidden|screenLayout|screenSize|orientation"
130-->[com.firebaseui:firebase-ui-auth:8.0.2] AndroidManifest.xml:95:13-96
131            android:label="@string/app_name" />
131-->[com.firebaseui:firebase-ui-auth:8.0.2] AndroidManifest.xml:96:13-45
132        <activity
132-->[com.firebaseui:firebase-ui-auth:8.0.2] AndroidManifest.xml:98:9-110:20
133            android:name="com.facebook.CustomTabActivity"
133-->[com.firebaseui:firebase-ui-auth:8.0.2] AndroidManifest.xml:99:13-58
134            android:exported="true" >
134-->[com.firebaseui:firebase-ui-auth:8.0.2] AndroidManifest.xml:100:13-36
135            <intent-filter>
135-->[com.firebaseui:firebase-ui-auth:8.0.2] AndroidManifest.xml:102:13-109:29
136                <action android:name="android.intent.action.VIEW" />
136-->[com.firebaseui:firebase-ui-auth:8.0.2] AndroidManifest.xml:17:13-65
136-->[com.firebaseui:firebase-ui-auth:8.0.2] AndroidManifest.xml:17:21-62
137
138                <category android:name="android.intent.category.DEFAULT" />
138-->[com.firebaseui:firebase-ui-auth:8.0.2] AndroidManifest.xml:105:17-76
138-->[com.firebaseui:firebase-ui-auth:8.0.2] AndroidManifest.xml:105:27-73
139                <category android:name="android.intent.category.BROWSABLE" />
139-->[com.firebaseui:firebase-ui-auth:8.0.2] AndroidManifest.xml:19:13-74
139-->[com.firebaseui:firebase-ui-auth:8.0.2] AndroidManifest.xml:19:23-71
140
141                <data android:scheme="@string/facebook_login_protocol_scheme" />
141-->[com.firebaseui:firebase-ui-auth:8.0.2] AndroidManifest.xml:21:13-43
141-->[com.firebaseui:firebase-ui-auth:8.0.2] AndroidManifest.xml:21:19-40
142            </intent-filter>
143        </activity>
144
145        <provider
145-->[com.firebaseui:firebase-ui-auth:8.0.2] AndroidManifest.xml:112:9-116:38
146            android:name="com.firebase.ui.auth.data.client.AuthUiInitProvider"
146-->[com.firebaseui:firebase-ui-auth:8.0.2] AndroidManifest.xml:113:13-79
147            android:authorities="com.example.travel_application.authuiinitprovider"
147-->[com.firebaseui:firebase-ui-auth:8.0.2] AndroidManifest.xml:114:13-70
148            android:exported="false"
148-->[com.firebaseui:firebase-ui-auth:8.0.2] AndroidManifest.xml:115:13-37
149            android:initOrder="90" />
149-->[com.firebaseui:firebase-ui-auth:8.0.2] AndroidManifest.xml:116:13-35
150
151        <activity
151-->[androidx.compose.ui:ui-tooling-android:1.7.2] AndroidManifest.xml:23:9-25:39
152            android:name="androidx.compose.ui.tooling.PreviewActivity"
152-->[androidx.compose.ui:ui-tooling-android:1.7.2] AndroidManifest.xml:24:13-71
153            android:exported="true" />
153-->[androidx.compose.ui:ui-tooling-android:1.7.2] AndroidManifest.xml:25:13-36
154
155        <service
155-->[com.google.firebase:firebase-auth-ktx:23.2.0] AndroidManifest.xml:8:9-14:19
156            android:name="com.google.firebase.components.ComponentDiscoveryService"
156-->[com.google.firebase:firebase-auth-ktx:23.2.0] AndroidManifest.xml:9:13-84
157            android:directBootAware="true"
157-->[com.google.firebase:firebase-common:21.0.0] AndroidManifest.xml:32:13-43
158            android:exported="false" >
158-->[com.google.firebase:firebase-auth-ktx:23.2.0] AndroidManifest.xml:10:13-37
159            <meta-data
159-->[com.google.firebase:firebase-auth-ktx:23.2.0] AndroidManifest.xml:11:13-13:85
160                android:name="com.google.firebase.components:com.google.firebase.auth.ktx.FirebaseAuthLegacyRegistrar"
160-->[com.google.firebase:firebase-auth-ktx:23.2.0] AndroidManifest.xml:12:17-119
161                android:value="com.google.firebase.components.ComponentRegistrar" />
161-->[com.google.firebase:firebase-auth-ktx:23.2.0] AndroidManifest.xml:13:17-82
162            <meta-data
162-->[com.google.firebase:firebase-auth:23.2.0] AndroidManifest.xml:69:13-71:85
163                android:name="com.google.firebase.components:com.google.firebase.auth.FirebaseAuthRegistrar"
163-->[com.google.firebase:firebase-auth:23.2.0] AndroidManifest.xml:70:17-109
164                android:value="com.google.firebase.components.ComponentRegistrar" />
164-->[com.google.firebase:firebase-auth:23.2.0] AndroidManifest.xml:71:17-82
165            <meta-data
165-->[com.google.firebase:firebase-firestore:25.1.3] AndroidManifest.xml:17:13-19:85
166                android:name="com.google.firebase.components:com.google.firebase.firestore.FirebaseFirestoreKtxRegistrar"
166-->[com.google.firebase:firebase-firestore:25.1.3] AndroidManifest.xml:18:17-122
167                android:value="com.google.firebase.components.ComponentRegistrar" />
167-->[com.google.firebase:firebase-firestore:25.1.3] AndroidManifest.xml:19:17-82
168            <meta-data
168-->[com.google.firebase:firebase-firestore:25.1.3] AndroidManifest.xml:20:13-22:85
169                android:name="com.google.firebase.components:com.google.firebase.firestore.FirestoreRegistrar"
169-->[com.google.firebase:firebase-firestore:25.1.3] AndroidManifest.xml:21:17-111
170                android:value="com.google.firebase.components.ComponentRegistrar" />
170-->[com.google.firebase:firebase-firestore:25.1.3] AndroidManifest.xml:22:17-82
171            <meta-data
171-->[com.google.android.gms:play-services-measurement-api:22.4.0] AndroidManifest.xml:33:13-35:85
172                android:name="com.google.firebase.components:com.google.firebase.analytics.connector.internal.AnalyticsConnectorRegistrar"
172-->[com.google.android.gms:play-services-measurement-api:22.4.0] AndroidManifest.xml:34:17-139
173                android:value="com.google.firebase.components.ComponentRegistrar" />
173-->[com.google.android.gms:play-services-measurement-api:22.4.0] AndroidManifest.xml:35:17-82
174            <meta-data
174-->[com.google.firebase:firebase-installations:18.0.0] AndroidManifest.xml:15:13-17:85
175                android:name="com.google.firebase.components:com.google.firebase.installations.FirebaseInstallationsKtxRegistrar"
175-->[com.google.firebase:firebase-installations:18.0.0] AndroidManifest.xml:16:17-130
176                android:value="com.google.firebase.components.ComponentRegistrar" />
176-->[com.google.firebase:firebase-installations:18.0.0] AndroidManifest.xml:17:17-82
177            <meta-data
177-->[com.google.firebase:firebase-installations:18.0.0] AndroidManifest.xml:18:13-20:85
178                android:name="com.google.firebase.components:com.google.firebase.installations.FirebaseInstallationsRegistrar"
178-->[com.google.firebase:firebase-installations:18.0.0] AndroidManifest.xml:19:17-127
179                android:value="com.google.firebase.components.ComponentRegistrar" />
179-->[com.google.firebase:firebase-installations:18.0.0] AndroidManifest.xml:20:17-82
180            <meta-data
180-->[com.google.firebase:firebase-common-ktx:21.0.0] AndroidManifest.xml:12:13-14:85
181                android:name="com.google.firebase.components:com.google.firebase.ktx.FirebaseCommonLegacyRegistrar"
181-->[com.google.firebase:firebase-common-ktx:21.0.0] AndroidManifest.xml:13:17-116
182                android:value="com.google.firebase.components.ComponentRegistrar" />
182-->[com.google.firebase:firebase-common-ktx:21.0.0] AndroidManifest.xml:14:17-82
183            <meta-data
183-->[com.google.firebase:firebase-common:21.0.0] AndroidManifest.xml:35:13-37:85
184                android:name="com.google.firebase.components:com.google.firebase.FirebaseCommonKtxRegistrar"
184-->[com.google.firebase:firebase-common:21.0.0] AndroidManifest.xml:36:17-109
185                android:value="com.google.firebase.components.ComponentRegistrar" />
185-->[com.google.firebase:firebase-common:21.0.0] AndroidManifest.xml:37:17-82
186        </service>
187
188        <activity
188-->[com.google.firebase:firebase-auth:23.2.0] AndroidManifest.xml:29:9-46:20
189            android:name="com.google.firebase.auth.internal.GenericIdpActivity"
189-->[com.google.firebase:firebase-auth:23.2.0] AndroidManifest.xml:30:13-80
190            android:excludeFromRecents="true"
190-->[com.google.firebase:firebase-auth:23.2.0] AndroidManifest.xml:31:13-46
191            android:exported="true"
191-->[com.google.firebase:firebase-auth:23.2.0] AndroidManifest.xml:32:13-36
192            android:launchMode="singleTask"
192-->[com.google.firebase:firebase-auth:23.2.0] AndroidManifest.xml:33:13-44
193            android:theme="@android:style/Theme.Translucent.NoTitleBar" >
193-->[com.google.firebase:firebase-auth:23.2.0] AndroidManifest.xml:34:13-72
194            <intent-filter>
194-->[com.google.firebase:firebase-auth:23.2.0] AndroidManifest.xml:35:13-45:29
195                <action android:name="android.intent.action.VIEW" />
195-->[com.firebaseui:firebase-ui-auth:8.0.2] AndroidManifest.xml:17:13-65
195-->[com.firebaseui:firebase-ui-auth:8.0.2] AndroidManifest.xml:17:21-62
196
197                <category android:name="android.intent.category.DEFAULT" />
197-->[com.firebaseui:firebase-ui-auth:8.0.2] AndroidManifest.xml:105:17-76
197-->[com.firebaseui:firebase-ui-auth:8.0.2] AndroidManifest.xml:105:27-73
198                <category android:name="android.intent.category.BROWSABLE" />
198-->[com.firebaseui:firebase-ui-auth:8.0.2] AndroidManifest.xml:19:13-74
198-->[com.firebaseui:firebase-ui-auth:8.0.2] AndroidManifest.xml:19:23-71
199
200                <data
200-->[com.firebaseui:firebase-ui-auth:8.0.2] AndroidManifest.xml:21:13-43
201                    android:host="firebase.auth"
202                    android:path="/"
203                    android:scheme="genericidp" />
203-->[com.firebaseui:firebase-ui-auth:8.0.2] AndroidManifest.xml:21:19-40
204            </intent-filter>
205        </activity>
206        <activity
206-->[com.google.firebase:firebase-auth:23.2.0] AndroidManifest.xml:47:9-64:20
207            android:name="com.google.firebase.auth.internal.RecaptchaActivity"
207-->[com.google.firebase:firebase-auth:23.2.0] AndroidManifest.xml:48:13-79
208            android:excludeFromRecents="true"
208-->[com.google.firebase:firebase-auth:23.2.0] AndroidManifest.xml:49:13-46
209            android:exported="true"
209-->[com.google.firebase:firebase-auth:23.2.0] AndroidManifest.xml:50:13-36
210            android:launchMode="singleTask"
210-->[com.google.firebase:firebase-auth:23.2.0] AndroidManifest.xml:51:13-44
211            android:theme="@android:style/Theme.Translucent.NoTitleBar" >
211-->[com.google.firebase:firebase-auth:23.2.0] AndroidManifest.xml:52:13-72
212            <intent-filter>
212-->[com.google.firebase:firebase-auth:23.2.0] AndroidManifest.xml:53:13-63:29
213                <action android:name="android.intent.action.VIEW" />
213-->[com.firebaseui:firebase-ui-auth:8.0.2] AndroidManifest.xml:17:13-65
213-->[com.firebaseui:firebase-ui-auth:8.0.2] AndroidManifest.xml:17:21-62
214
215                <category android:name="android.intent.category.DEFAULT" />
215-->[com.firebaseui:firebase-ui-auth:8.0.2] AndroidManifest.xml:105:17-76
215-->[com.firebaseui:firebase-ui-auth:8.0.2] AndroidManifest.xml:105:27-73
216                <category android:name="android.intent.category.BROWSABLE" />
216-->[com.firebaseui:firebase-ui-auth:8.0.2] AndroidManifest.xml:19:13-74
216-->[com.firebaseui:firebase-ui-auth:8.0.2] AndroidManifest.xml:19:23-71
217
218                <data
218-->[com.firebaseui:firebase-ui-auth:8.0.2] AndroidManifest.xml:21:13-43
219                    android:host="firebase.auth"
220                    android:path="/"
221                    android:scheme="recaptcha" />
221-->[com.firebaseui:firebase-ui-auth:8.0.2] AndroidManifest.xml:21:19-40
222            </intent-filter>
223        </activity>
224
225        <service
225-->[androidx.credentials:credentials-play-services-auth:1.2.0-rc01] AndroidManifest.xml:24:9-32:19
226            android:name="androidx.credentials.playservices.CredentialProviderMetadataHolder"
226-->[androidx.credentials:credentials-play-services-auth:1.2.0-rc01] AndroidManifest.xml:25:13-94
227            android:enabled="true"
227-->[androidx.credentials:credentials-play-services-auth:1.2.0-rc01] AndroidManifest.xml:26:13-35
228            android:exported="false" >
228-->[androidx.credentials:credentials-play-services-auth:1.2.0-rc01] AndroidManifest.xml:27:13-37
229            <meta-data
229-->[androidx.credentials:credentials-play-services-auth:1.2.0-rc01] AndroidManifest.xml:29:13-31:104
230                android:name="androidx.credentials.CREDENTIAL_PROVIDER_KEY"
230-->[androidx.credentials:credentials-play-services-auth:1.2.0-rc01] AndroidManifest.xml:30:17-76
231                android:value="androidx.credentials.playservices.CredentialProviderPlayServicesImpl" />
231-->[androidx.credentials:credentials-play-services-auth:1.2.0-rc01] AndroidManifest.xml:31:17-101
232        </service>
233
234        <activity
234-->[androidx.credentials:credentials-play-services-auth:1.2.0-rc01] AndroidManifest.xml:34:9-41:20
235            android:name="androidx.credentials.playservices.HiddenActivity"
235-->[androidx.credentials:credentials-play-services-auth:1.2.0-rc01] AndroidManifest.xml:35:13-76
236            android:configChanges="orientation|screenSize|screenLayout|keyboardHidden"
236-->[androidx.credentials:credentials-play-services-auth:1.2.0-rc01] AndroidManifest.xml:36:13-87
237            android:enabled="true"
237-->[androidx.credentials:credentials-play-services-auth:1.2.0-rc01] AndroidManifest.xml:37:13-35
238            android:exported="false"
238-->[androidx.credentials:credentials-play-services-auth:1.2.0-rc01] AndroidManifest.xml:38:13-37
239            android:fitsSystemWindows="true"
239-->[androidx.credentials:credentials-play-services-auth:1.2.0-rc01] AndroidManifest.xml:39:13-45
240            android:theme="@style/Theme.Hidden" >
240-->[androidx.credentials:credentials-play-services-auth:1.2.0-rc01] AndroidManifest.xml:40:13-48
241        </activity>
242        <activity
242-->[com.google.android.gms:play-services-auth:20.7.0] AndroidManifest.xml:23:9-27:75
243            android:name="com.google.android.gms.auth.api.signin.internal.SignInHubActivity"
243-->[com.google.android.gms:play-services-auth:20.7.0] AndroidManifest.xml:24:13-93
244            android:excludeFromRecents="true"
244-->[com.google.android.gms:play-services-auth:20.7.0] AndroidManifest.xml:25:13-46
245            android:exported="false"
245-->[com.google.android.gms:play-services-auth:20.7.0] AndroidManifest.xml:26:13-37
246            android:theme="@android:style/Theme.Translucent.NoTitleBar" />
246-->[com.google.android.gms:play-services-auth:20.7.0] AndroidManifest.xml:27:13-72
247        <!--
248            Service handling Google Sign-In user revocation. For apps that do not integrate with
249            Google Sign-In, this service will never be started.
250        -->
251        <service
251-->[com.google.android.gms:play-services-auth:20.7.0] AndroidManifest.xml:33:9-37:51
252            android:name="com.google.android.gms.auth.api.signin.RevocationBoundService"
252-->[com.google.android.gms:play-services-auth:20.7.0] AndroidManifest.xml:34:13-89
253            android:exported="true"
253-->[com.google.android.gms:play-services-auth:20.7.0] AndroidManifest.xml:35:13-36
254            android:permission="com.google.android.gms.auth.api.signin.permission.REVOCATION_NOTIFICATION"
254-->[com.google.android.gms:play-services-auth:20.7.0] AndroidManifest.xml:36:13-107
255            android:visibleToInstantApps="true" />